<?xml version="1.0" encoding="UTF-8"?>
<!-- Generated by org.testng.reporters.JUnitXMLReporter -->
<testsuite ignored="0" hostname="DESKTOP-GH3KD7N" failures="0" tests="6" name="Surefire test" time="0.152" errors="0" timestamp="2022-06-28T00:11:35 IST">
  <testcase classname="automaven.AppiumTest" name="androidapp" time="0.01"/>
  <testcase classname="automaven.AppiumTest" name="nativeapp" time="0.002"/>
  <testcase classname="automaven.RestapiTest" name="Getapi" time="0.001"/>
  <testcase classname="automaven.RestapiTest" name="Postapi" time="0.001"/>
  <testcase classname="automaven.seleniumTest" name="logintest" time="0.001"/>
  <testcase classname="automaven.seleniumTest" name="registertest" time="0.002"/>
</testsuite> <!-- Surefire test -->
