<?xml version="1.0" encoding="UTF-8"?>
<!-- Generated by org.testng.reporters.JUnitXMLReporter -->
<testsuite ignored="0" hostname="DESKTOP-GH3KD7N" failures="0" tests="4" name="Test" time="0.136" errors="0" timestamp="2022-06-28T00:41:32 IST">
  <testcase classname="automaven.AppiumTest" name="androidapp" time="0.011"/>
  <testcase classname="automaven.AppiumTest" name="nativeapp" time="0.002"/>
  <testcase classname="automaven.RestapiTest" name="Getapi" time="0.003"/>
  <testcase classname="automaven.RestapiTest" name="Postapi" time="0.001"/>
</testsuite> <!-- Test -->
