<?xml version="1.0" encoding="UTF-8"?>
<testng-results ignored="0" total="4" passed="4" failed="0" skipped="0">
  <reporter-output>
  </reporter-output>
  <suite started-at="2022-06-28T00:41:32 IST" name="Suite" finished-at="2022-06-28T00:41:32 IST" duration-ms="136">
    <groups>
    </groups>
    <test started-at="2022-06-28T00:41:32 IST" name="Test" finished-at="2022-06-28T00:41:32 IST" duration-ms="136">
      <class name="automaven.AppiumTest">
        <test-method signature="androidapp()[pri:0, instance:automaven.AppiumTest@273e7444]" started-at="2022-06-28T00:41:32 IST" name="androidapp" finished-at="2022-06-28T00:41:32 IST" duration-ms="11" status="PASS">
          <reporter-output>
          </reporter-output>
        </test-method> <!-- androidapp -->
        <test-method signature="nativeapp()[pri:0, instance:automaven.AppiumTest@273e7444]" started-at="2022-06-28T00:41:32 IST" name="nativeapp" finished-at="2022-06-28T00:41:32 IST" duration-ms="2" status="PASS">
          <reporter-output>
          </reporter-output>
        </test-method> <!-- nativeapp -->
      </class> <!-- automaven.AppiumTest -->
      <class name="automaven.RestapiTest">
        <test-method signature="Getapi()[pri:0, instance:automaven.RestapiTest@2e3967ea]" started-at="2022-06-28T00:41:32 IST" name="Getapi" finished-at="2022-06-28T00:41:32 IST" duration-ms="3" status="PASS">
          <reporter-output>
          </reporter-output>
        </test-method> <!-- Getapi -->
        <test-method signature="Postapi()[pri:0, instance:automaven.RestapiTest@2e3967ea]" started-at="2022-06-28T00:41:32 IST" name="Postapi" finished-at="2022-06-28T00:41:32 IST" duration-ms="1" status="PASS">
          <reporter-output>
          </reporter-output>
        </test-method> <!-- Postapi -->
      </class> <!-- automaven.RestapiTest -->
    </test> <!-- Test -->
  </suite> <!-- Suite -->
</testng-results>
