<?xml version="1.0" encoding="UTF-8"?>
<testng-results ignored="0" total="2" passed="2" failed="0" skipped="0">
  <reporter-output>
  </reporter-output>
  <suite started-at="2022-06-27T22:14:52 IST" name="Default suite" finished-at="2022-06-27T22:14:52 IST" duration-ms="97">
    <groups>
    </groups>
    <test started-at="2022-06-27T22:14:52 IST" name="Default test" finished-at="2022-06-27T22:14:52 IST" duration-ms="97">
      <class name="automaven.AppiumTest">
        <test-method signature="androidapp()[pri:0, instance:automaven.AppiumTest@57d7f8ca]" started-at="2022-06-27T22:14:52 IST" name="androidapp" finished-at="2022-06-27T22:14:52 IST" duration-ms="16" status="PASS">
          <reporter-output>
          </reporter-output>
        </test-method> <!-- androidapp -->
        <test-method signature="nativeapp()[pri:0, instance:automaven.AppiumTest@57d7f8ca]" started-at="2022-06-27T22:14:52 IST" name="nativeapp" finished-at="2022-06-27T22:14:52 IST" duration-ms="0" status="PASS">
          <reporter-output>
          </reporter-output>
        </test-method> <!-- nativeapp -->
      </class> <!-- automaven.AppiumTest -->
    </test> <!-- Default test -->
  </suite> <!-- Default suite -->
</testng-results>
